<?xml version="1.0" encoding="UTF-8"?>
<!-- Generated by org.testng.reporters.JUnitReportReporter -->
<testsuite hostname="DESKTOP-BESO8UO" failures="0" tests="2" name="qaclickacademy.AppiumTest" time="0.015" errors="0" timestamp="2022-05-23T23:41:55 IST" skipped="0">
  <testcase classname="qaclickacademy.AppiumTest" name="IOSApps" time="0.013"/>
  <system-out/>
  <testcase classname="qaclickacademy.AppiumTest" name="NativeAppAndriod" time="0.002"/>
  <system-out/>
</testsuite> <!-- qaclickacademy.AppiumTest -->
