<?xml version="1.0" encoding="UTF-8"?>
<!-- Generated by org.testng.reporters.JUnitReportReporter -->
<testsuite hostname="DESKTOP-BESO8UO" failures="0" tests="2" name="qaclickacademy.RESTAPITest" time="0.000" errors="0" timestamp="23 May 2022 18:46:14 GMT">
  <testcase classname="qaclickacademy.RESTAPITest" name="postJira" time="0.000"/>
  <testcase classname="qaclickacademy.RESTAPITest" name="deleteTwitter" time="0.000"/>
</testsuite> <!-- qaclickacademy.RESTAPITest -->
