<?xml version="1.0" encoding="UTF-8"?>
<!-- Generated by org.testng.reporters.JUnitReportReporter -->
<testsuite hostname="DESKTOP-BESO8UO" failures="0" tests="2" name="qaclickacademy.AppiumTest" time="0.009" errors="0" timestamp="23 May 2022 18:46:14 GMT">
  <testcase classname="qaclickacademy.AppiumTest" name="IOSApps" time="0.008"/>
  <testcase classname="qaclickacademy.AppiumTest" name="NativeAppAndriod" time="0.001"/>
</testsuite> <!-- qaclickacademy.AppiumTest -->
